<?xml version="1.0" encoding="UTF-8"?>
<!-- Generated by org.testng.reporters.JUnitReportReporter -->
<testsuite skipped="0" hostname="USER-PC" name="com.eCommerce.Login.LoginTest" tests="1" failures="0" timestamp="28 Dec 2019 15:25:53 GMT" time="8.924" errors="0">
  <testcase name="LoginVerify" time="8.924" classname="com.eCommerce.Login.LoginTest"/>
</testsuite> <!-- com.eCommerce.Login.LoginTest -->
